06-10-2024-07-09-59-pm [main] INFO Opencart - Launched application.
06-10-2024-07-10-00-pm [main] INFO Opencart - Clicked my account link.
06-10-2024-07-10-00-pm [main] INFO Opencart - Clicked login link.
06-10-2024-07-10-01-pm [main] INFO Opencart - Entered email.
06-10-2024-07-10-02-pm [main] INFO Opencart - Entered password.
06-10-2024-07-10-03-pm [main] INFO Opencart - Clicked login.
06-10-2024-07-10-06-pm [main] INFO Opencart - User logged in successfully.
06-10-2024-07-10-08-pm [main] INFO Opencart - Cliked logout.
06-10-2024-07-10-53-pm [main] INFO Opencart - Launched application.
06-10-2024-07-10-54-pm [main] INFO Opencart - Clicked my account link.
06-10-2024-07-10-54-pm [main] INFO Opencart - Clicked login link.
06-10-2024-07-10-56-pm [main] INFO Opencart - Entered email.
06-10-2024-07-10-56-pm [main] INFO Opencart - Entered password.
06-10-2024-07-10-57-pm [main] INFO Opencart - Clicked login.
06-10-2024-07-16-30-pm [main] INFO Opencart - Launched application.
06-10-2024-07-16-31-pm [main] INFO Opencart - Clicked my account link.
06-10-2024-07-16-31-pm [main] INFO Opencart - Clicked login link.
06-10-2024-07-16-33-pm [main] INFO Opencart - Entered email.
06-10-2024-07-16-33-pm [main] INFO Opencart - Entered password.
06-10-2024-07-16-34-pm [main] INFO Opencart - Clicked login.
06-10-2024-07-16-36-pm [main] INFO Opencart - User logged in successfully.
06-10-2024-07-16-38-pm [main] INFO Opencart - Cliked logout.
06-10-2024-07-17-26-pm [main] INFO Opencart - Launched application.
06-10-2024-07-17-27-pm [main] INFO Opencart - Clicked my account link.
06-10-2024-07-17-27-pm [main] INFO Opencart - Clicked login link.
06-10-2024-07-17-28-pm [main] INFO Opencart - Entered email.
06-10-2024-07-17-29-pm [main] INFO Opencart - Entered password.
06-10-2024-07-17-30-pm [main] INFO Opencart - Clicked login.
